Para robot_parar
escribepuerto 888 0
espera 100
Fin

Para robot_adelante
escribepuerto 888 0
espera 1
escribepuerto 888 5
espera 1
Fin

Para robot_atras
repite 20 [escribepuerto 888 0 espera 1 escribepuerto 888 10 espera 1]
Fin

Para robot_derecha
repite 40 [escribepuerto 888 0 espera 1 escribepuerto 888 6 espera 1]
Fin

Para robot_izquierda
repite 40 [escribepuerto 888 0 espera 1 escribepuerto 888 9 espera 1]
Fin

Para robot_bumpers
Haz "bumpers leepuerto 889
Si :bumpers=104 [robot_parar robot_atras robot_izquierda robot_parar]
Si :bumpers=88  [robot_parar robot_atras robot_derecha robot_parar]
Si :bumpers=120 [robot_parar robot_atras robot_derecha robot_parar]
Fin

Para inicio
repite 100 [robot_adelante robot_bumpers]
robot_parar
Fin

inicio




